
{
	gl.supports_vertex_array_object: true
	cocos2d.x.version: Quick-Cocos2dx-Community 3.6.4 Release
	gl.vendor: Intel Inc.
	gl.supports_PVRTC: false
	gl.renderer: Intel HD Graphics 3000 OpenGL Engine
	cocos2d.x.compiled_with_profiler: false
	gl.max_texture_size: 8192
	gl.supports_ETC1: false
	gl.supports_BGRA8888: false
	cocos2d.x.build_type: RELEASE
	gl.supports_discard_framebuffer: false
	gl.supports_NPOT: true
	gl.supports_S3TC: true
	gl.version: 2.1 INTEL-10.2.8
	gl.supports_ATITC: false
	gl.max_texture_units: 16
	cocos2d.x.compiled_with_gl_state_cache: true
}


Quick-Cocos2dx-Community C++ support ready.
------------------------------------------------
LOAD LUA FILE: /Users/goofy/coco/lua/sugar/src/main.lua
------------------------------------------------
[LUA-print] ===========================================================
[LUA-print]               LOAD QUICK FRAMEWORK
[LUA-print] ===========================================================
[LUA-print] [INFO] 
[LUA-print] [INFO] # DEBUG                        = 1
[LUA-print] [INFO] #
[LUA-print] [INFO] # device.platform              = mac
[LUA-print] [INFO] # device.model                 = unknown
[LUA-print] [INFO] # device.language              = cn
[LUA-print] [INFO] # device.writablePath          = /Users/goofy/coco/lua/sugar/
[LUA-print] [INFO] # device.directorySeparator    = /
[LUA-print] [INFO] # device.pathSeparator         = :
[LUA-print] [INFO] #
libpng warning: iCCP: known incorrect sRGB profile
[LUA-print] [INFO] # CONFIG_SCREEN_AUTOSCALE      = FIXED_WIDTH
[LUA-print] [INFO] # CONFIG_SCREEN_WIDTH          = 320.00
[LUA-print] [INFO] # CONFIG_SCREEN_HEIGHT         = 568.00
[LUA-print] [INFO] # display.widthInPixels        = 640.00
[LUA-print] [INFO] # display.heightInPixels       = 1136.00
[LUA-print] [INFO] # display.contentScaleFactor   = 2.00
[LUA-print] [INFO] # display.width                = 320.00
[LUA-print] [INFO] # display.height               = 568.00
[LUA-print] [INFO] # display.cx                   = 160.00
[LUA-print] [INFO] # display.cy                   = 284.00
[LUA-print] [INFO] # display.left                 = 0.00
[LUA-print] [INFO] # display.right                = 320.00
[LUA-print] [INFO] # display.top                  = 568.00
[LUA-print] [INFO] # display.bottom               = 0.00
[LUA-print] [INFO] # display.c_left               = -160.00
[LUA-print] [INFO] # display.c_right              = 160.00
[LUA-print] [INFO] # display.c_top                = 284.00
[LUA-print] [INFO] # display.c_bottom             = -284.00
[LUA-print] [INFO] #
[LUA-print] start
libpng warning: iCCP: known incorrect sRGB profile
[LUA-print] ===================	61	4944
[LUA-print] ===================	151	4792
[LUA-print] ===================	237	4653
[LUA-print] ===================	17	4434
[LUA-print] ===================	241	4176
[LUA-print] ===================	248	3786
[LUA-print] ===================	53	3500
[LUA-print] ===================	251	3077
[LUA-print] ===================	121	2800
[LUA-print] ===================	60	2583
[LUA-print] ===================	225	2480
[LUA-print] ===================	59	2193
[LUA-print] ===================	244	2046
[LUA-print] ===================	207	1904
[LUA-print] ===================	47	1796
[LUA-print] ===================	276	1616
[LUA-print] ===================	68	1458
[LUA-print] ===================	248	1354
[LUA-print] ===================	60	1135
[LUA-print] ===================	138	867
[LUA-print] ===================	225	622
[LUA-print] ===================	16	462
[LUA-print] ===================	219	344
[LUA-print] ===================	104	191
